<?xml version="1.0" encoding="UTF-8"?>
<!-- Generated by org.testng.reporters.JUnitReportReporter -->
<testsuite hostname="DESKTOP-DE517QH" failures="0" tests="1" name="testngpackage.Annotations" time="0.016" errors="0" timestamp="2023-09-22T17:06:53 IST" skipped="0">
  <testcase classname="testngpackage.Annotations" name="testcase" time="0.016"/>
</testsuite> <!-- testngpackage.Annotations -->
