<?xml version="1.0" encoding="UTF-8"?>
<!-- Generated by org.testng.reporters.JUnitReportReporter -->
<testsuite hostname="DESKTOP-DE517QH" failures="0" tests="1" name="testngpackage.Math_Class" time="0.010" errors="0" timestamp="2023-09-22T22:48:53 IST" skipped="0">
  <testcase classname="testngpackage.Math_Class" name="scenario1" time="0.010"/>
</testsuite> <!-- testngpackage.Math_Class -->
