<?xml version="1.0" encoding="UTF-8"?>
<!-- Generated by org.testng.reporters.JUnitReportReporter -->
<testsuite hostname="DESKTOP-DE517QH" failures="0" tests="1" name="Inher_Program.Scenario2" time="10.302" errors="0" timestamp="2023-09-22T22:18:18 IST" skipped="0">
  <testcase classname="Inher_Program.Scenario2" name="testcase2" time="10.302"/>
</testsuite> <!-- Inher_Program.Scenario2 -->
