<?xml version="1.0" encoding="UTF-8"?>
<!-- Generated by org.testng.reporters.JUnitReportReporter -->
<testsuite hostname="DESKTOP-DE517QH" failures="0" tests="1" name="Multiplecasestog.Three" time="0.001" errors="0" timestamp="2023-09-22T17:32:58 IST" skipped="0">
  <testcase classname="Multiplecasestog.Three" name="testcase3" time="0.001"/>
</testsuite> <!-- Multiplecasestog.Three -->
