<?xml version="1.0" encoding="UTF-8"?>
<!-- Generated by org.testng.reporters.JUnitReportReporter -->
<testsuite hostname="DESKTOP-DE517QH" failures="0" tests="1" name="Inher_Program.Scenario4" time="9.738" errors="0" timestamp="2023-09-22T22:18:18 IST" skipped="0">
  <testcase classname="Inher_Program.Scenario4" name="testcase4" time="9.738"/>
</testsuite> <!-- Inher_Program.Scenario4 -->
