<?xml version="1.0" encoding="UTF-8"?>
<!-- Generated by org.testng.reporters.JUnitReportReporter -->
<testsuite hostname="DESKTOP-DE517QH" failures="0" tests="1" name="testngpackage.Screenshot" time="11.030" errors="0" timestamp="2023-09-23T17:51:59 IST" skipped="0">
  <testcase classname="testngpackage.Screenshot" name="testcase1" time="11.030"/>
</testsuite> <!-- testngpackage.Screenshot -->
