<?xml version="1.0" encoding="UTF-8"?>
<!-- Generated by org.testng.reporters.JUnitReportReporter -->
<testsuite hostname="DESKTOP-DE517QH" failures="0" tests="5" name="testngpackage.Priority" time="0.018" errors="0" timestamp="2023-09-22T18:57:36 IST" skipped="1">
  <testcase classname="testngpackage.Priority" name="testcase5" time="0.011"/>
  <testcase classname="testngpackage.Priority" name="testcase2" time="0.002"/>
  <testcase classname="testngpackage.Priority" name="testcase3" time="0.003"/>
  <testcase classname="testngpackage.Priority" name="testcase4" time="0.002"/>
  <testcase classname="testngpackage.Priority" name="testcase1">
    <skipped/>
  </testcase> <!-- testcase1 -->
</testsuite> <!-- testngpackage.Priority -->
