<?xml version="1.0" encoding="UTF-8"?>
<!-- Generated by org.testng.reporters.JUnitReportReporter -->
<testsuite hostname="DESKTOP-DE517QH" failures="0" tests="10" name="testngpackage.Invocationcount" time="0.028" errors="0" timestamp="2023-09-22T19:05:18 IST" skipped="0">
  <testcase classname="testngpackage.Invocationcount" name="testcase1" time="0.002"/>
  <testcase classname="testngpackage.Invocationcount" name="testcase1" time="0.002"/>
  <testcase classname="testngpackage.Invocationcount" name="testcase1" time="0.002"/>
  <testcase classname="testngpackage.Invocationcount" name="testcase1" time="0.002"/>
  <testcase classname="testngpackage.Invocationcount" name="testcase1" time="0.003"/>
  <testcase classname="testngpackage.Invocationcount" name="testcase1" time="0.013"/>
  <testcase classname="testngpackage.Invocationcount" name="testcase1" time="0.001"/>
  <testcase classname="testngpackage.Invocationcount" name="testcase1" time="0.001"/>
  <testcase classname="testngpackage.Invocationcount" name="testcase1" time="0.001"/>
  <testcase classname="testngpackage.Invocationcount" name="testcase1" time="0.001"/>
</testsuite> <!-- testngpackage.Invocationcount -->
