<?xml version="1.0" encoding="UTF-8"?>
<!-- Generated by org.testng.reporters.JUnitReportReporter -->
<testsuite hostname="DESKTOP-DE517QH" failures="0" tests="5" name="testngpackage.FiveCountry_launch" time="18.344" errors="0" timestamp="2023-09-22T19:31:42 IST" skipped="0">
  <testcase classname="testngpackage.FiveCountry_launch" name="testcase3" time="3.877"/>
  <testcase classname="testngpackage.FiveCountry_launch" name="testcase4" time="3.339"/>
  <testcase classname="testngpackage.FiveCountry_launch" name="testcase" time="3.104"/>
  <testcase classname="testngpackage.FiveCountry_launch" name="testcase2" time="3.470"/>
  <testcase classname="testngpackage.FiveCountry_launch" name="testcase1" time="4.554"/>
</testsuite> <!-- testngpackage.FiveCountry_launch -->
