<?xml version="1.0" encoding="UTF-8"?>
<!-- Generated by org.testng.reporters.JUnitReportReporter -->
<testsuite hostname="DESKTOP-DE517QH" failures="0" tests="1" name="Multiplecasestog.Four" time="0.004" errors="0" timestamp="2023-09-22T17:44:35 IST" skipped="0">
  <testcase classname="Multiplecasestog.Four" name="testcase4" time="0.004"/>
</testsuite> <!-- Multiplecasestog.Four -->
