<?xml version="1.0" encoding="UTF-8"?>
<!-- Generated by org.testng.reporters.JUnitReportReporter -->
<testsuite hostname="DESKTOP-DE517QH" failures="0" tests="1" name="testngpackage.One" time="0.009" errors="0" timestamp="2023-09-09T16:05:32 IST" skipped="0">
  <testcase classname="testngpackage.One" name="testcase1" time="0.009"/>
</testsuite> <!-- testngpackage.One -->
