<?xml version="1.0" encoding="UTF-8"?>
<!-- Generated by org.testng.reporters.JUnitReportReporter -->
<testsuite hostname="DESKTOP-DE517QH" failures="0" tests="1" name="testngpackage.Google_Launch" time="7.592" errors="0" timestamp="2023-09-22T19:15:10 IST" skipped="0">
  <testcase classname="testngpackage.Google_Launch" name="testcase1" time="7.592"/>
</testsuite> <!-- testngpackage.Google_Launch -->
