<?xml version="1.0" encoding="UTF-8"?>
<!-- Generated by org.testng.reporters.JUnitReportReporter -->
<testsuite hostname="DESKTOP-DE517QH" failures="0" tests="1" name="testngmavenprj.Firstprogm" time="8.572" errors="0" timestamp="2023-11-13T12:50:32 IST" skipped="0">
  <testcase classname="testngmavenprj.Firstprogm" name="testcase1" time="8.572"/>
</testsuite> <!-- testngmavenprj.Firstprogm -->
