<?xml version="1.0" encoding="UTF-8"?>
<!-- Generated by org.testng.reporters.JUnitReportReporter -->
<testsuite hostname="DESKTOP-DE517QH" failures="0" tests="8" name="testNG.invocationcount" time="0.007" errors="0" timestamp="2023-11-07T21:39:44 IST" skipped="1">
  <testcase classname="testNG.invocationcount" name="add" time="0.001"/>
  <testcase classname="testNG.invocationcount" name="add" time="0.001"/>
  <testcase classname="testNG.invocationcount" name="multiply" time="0.001"/>
  <testcase classname="testNG.invocationcount" name="multiply" time="0.001"/>
  <testcase classname="testNG.invocationcount" name="multiply" time="0.001"/>
  <testcase classname="testNG.invocationcount" name="multiply" time="0.001"/>
  <testcase classname="testNG.invocationcount" name="multiply" time="0.001"/>
  <testcase classname="testNG.invocationcount" name="substract">
    <skipped/>
  </testcase> <!-- substract -->
  <system-out>
    <![CDATA[Heyyyyyyyy]]>
  </system-out>
</testsuite> <!-- testNG.invocationcount -->
