<?xml version="1.0" encoding="UTF-8"?>
<!-- Generated by org.testng.reporters.JUnitReportReporter -->
<testsuite hostname="DESKTOP-DE517QH" failures="0" tests="3" name="testNGbrowser.Test1" time="281.230" errors="0" timestamp="2023-11-14T15:19:11 IST" skipped="0">
  <testcase classname="testNGbrowser.Test1" name="scenario1" time="75.878"/>
  <testcase classname="testNGbrowser.Test1" name="scenario1" time="75.843"/>
  <testcase classname="testNGbrowser.Test1" name="scenario1" time="129.509"/>
</testsuite> <!-- testNGbrowser.Test1 -->
