<?xml version="1.0" encoding="UTF-8"?>
<!-- Generated by org.testng.reporters.JUnitReportReporter -->
<testsuite hostname="DESKTOP-DE517QH" failures="0" tests="1" name="screenshot1" time="12.184" errors="0" timestamp="2023-12-05T14:28:04 IST" skipped="0">
  <testcase classname="screenshot1" name="Amazon_links" time="12.184"/>
</testsuite> <!-- screenshot1 -->
