<?xml version="1.0" encoding="UTF-8"?>
<!-- Generated by org.testng.reporters.JUnitReportReporter -->
<testsuite hostname="DESKTOP-DE517QH" failures="0" tests="3" name="testNG.priority1" time="0.014" errors="0" timestamp="2023-11-07T21:43:54 IST" skipped="0">
  <testcase classname="testNG.priority1" name="add" time="0.008"/>
  <testcase classname="testNG.priority1" name="multiply" time="0.003"/>
  <testcase classname="testNG.priority1" name="subract" time="0.003"/>
  <system-out>
    <![CDATA[Heyyyyyyyy]]>
  </system-out>
</testsuite> <!-- testNG.priority1 -->
