<?xml version="1.0" encoding="UTF-8"?>
<!-- Generated by org.testng.reporters.JUnitReportReporter -->
<testsuite hostname="DESKTOP-DE517QH" failures="0" tests="1" name="screenshot" time="25.142" errors="0" timestamp="2023-11-20T20:25:38 IST" skipped="0">
  <testcase classname="screenshot" name="launchgoogle" time="25.142"/>
</testsuite> <!-- screenshot -->
