<?xml version="1.0" encoding="UTF-8"?>
<!-- Generated by org.testng.reporters.JUnitReportReporter -->
<testsuite hostname="DESKTOP-DE517QH" failures="0" tests="3" name="testNGbrowser.Test4" time="83.992" errors="0" timestamp="2023-11-14T15:19:11 IST" skipped="0">
  <testcase classname="testNGbrowser.Test4" name="scenario1" time="34.781"/>
  <testcase classname="testNGbrowser.Test4" name="scenario1" time="32.902"/>
  <testcase classname="testNGbrowser.Test4" name="scenario1" time="16.309"/>
</testsuite> <!-- testNGbrowser.Test4 -->
