<?xml version="1.0" encoding="UTF-8"?>
<!-- Generated by org.testng.reporters.JUnitReportReporter -->
<testsuite hostname="DESKTOP-DE517QH" failures="0" tests="3" name="testNG.data_providerannotation" time="0.012" errors="0" timestamp="2023-11-16T21:17:03 IST" skipped="0">
  <testcase classname="testNG.data_providerannotation" name="testcase1" time="0.002">
    <system-out>
      <![CDATA[hello120]]>
    </system-out>
  </testcase> <!-- testcase1 -->
  <testcase classname="testNG.data_providerannotation" name="testcase1" time="0.009">
    <system-out>
      <![CDATA[hello110]]>
    </system-out>
  </testcase> <!-- testcase1 -->
  <testcase classname="testNG.data_providerannotation" name="testcase1" time="0.001">
    <system-out>
      <![CDATA[hello130]]>
    </system-out>
  </testcase> <!-- testcase1 -->
  <system-out>
    <![CDATA[hello110
hello120
hello130]]>
  </system-out>
</testsuite> <!-- testNG.data_providerannotation -->
