<?xml version="1.0" encoding="UTF-8"?>
<!-- Generated by org.testng.reporters.JUnitReportReporter -->
<testsuite hostname="DESKTOP-DE517QH" failures="0" tests="5" name="data_provider.Data_Provi_FBregistratn" time="102.144" errors="0" timestamp="2023-11-17T23:15:38 IST" skipped="0">
  <testcase classname="data_provider.Data_Provi_FBregistratn" name="fb_reg" time="20.180"/>
  <testcase classname="data_provider.Data_Provi_FBregistratn" name="fb_reg" time="20.787"/>
  <testcase classname="data_provider.Data_Provi_FBregistratn" name="fb_reg" time="21.116"/>
  <testcase classname="data_provider.Data_Provi_FBregistratn" name="fb_reg" time="19.350"/>
  <testcase classname="data_provider.Data_Provi_FBregistratn" name="fb_reg" time="20.711"/>
</testsuite> <!-- data_provider.Data_Provi_FBregistratn -->
