<?xml version="1.0" encoding="UTF-8"?>
<!-- Generated by org.testng.reporters.JUnitReportReporter -->
<testsuite hostname="DESKTOP-DE517QH" failures="0" tests="1" name="TestNGAmazon.Testcase4" time="29.561" errors="0" timestamp="2023-12-05T14:19:45 IST" skipped="0">
  <testcase classname="TestNGAmazon.Testcase4" name="scenario1" time="29.561"/>
</testsuite> <!-- TestNGAmazon.Testcase4 -->
