<?xml version="1.0" encoding="UTF-8"?>
<!-- Generated by org.testng.reporters.JUnitReportReporter -->
<testsuite hostname="DESKTOP-DE517QH" failures="0" tests="1" name="TestNGAmazon.Testcase3" time="31.897" errors="0" timestamp="2023-12-05T20:13:03 IST" skipped="0">
  <testcase classname="TestNGAmazon.Testcase3" name="scenario1" time="31.897"/>
</testsuite> <!-- TestNGAmazon.Testcase3 -->
