<?xml version="1.0" encoding="UTF-8"?>
<!-- Generated by org.testng.reporters.JUnitReportReporter -->
<testsuite hostname="DESKTOP-DE517QH" failures="0" tests="2" name="testNG.Retry_Analyzer1" time="61.003" errors="0" timestamp="2023-12-05T20:02:51 IST" skipped="1">
  <testcase classname="testNG.Retry_Analyzer1" name="scenario1" time="52.361">
    <skipped/>
  </testcase> <!-- scenario1 -->
  <testcase classname="testNG.Retry_Analyzer1" name="scenario1" time="8.642"/>
</testsuite> <!-- testNG.Retry_Analyzer1 -->
