<?xml version="1.0" encoding="UTF-8"?>
<!-- Generated by org.testng.reporters.JUnitReportReporter -->
<testsuite hostname="DESKTOP-DE517QH" failures="0" tests="1" name="testNG.Annotation" time="0.002" errors="0" timestamp="2023-11-07T21:39:44 IST" skipped="0">
  <testcase classname="testNG.Annotation" name="t" time="0.002"/>
  <system-out>
    <![CDATA[Heyyyyyyyy]]>
  </system-out>
</testsuite> <!-- testNG.Annotation -->
