<?xml version="1.0" encoding="UTF-8"?>
<!-- Generated by org.testng.reporters.JUnitReportReporter -->
<testsuite hostname="DESKTOP-DE517QH" failures="0" tests="1" name="testNG.One" time="4.220" errors="0" timestamp="2023-11-07T21:43:54 IST" skipped="0">
  <testcase classname="testNG.One" name="launch" time="4.220"/>
  <system-out>
    <![CDATA[Heyyyyyyyy]]>
  </system-out>
</testsuite> <!-- testNG.One -->
