<?xml version="1.0" encoding="UTF-8"?>
<!-- Generated by org.testng.reporters.JUnitReportReporter -->
<testsuite hostname="DESKTOP-DE517QH" failures="0" tests="3" name="testNG.Assgn" time="0.023" errors="0" timestamp="2023-11-07T21:39:44 IST" skipped="0">
  <testcase classname="testNG.Assgn" name="bt3" time="0.004"/>
  <testcase classname="testNG.Assgn" name="bt1" time="0.015"/>
  <testcase classname="testNG.Assgn" name="bt2" time="0.004"/>
  <system-out>
    <![CDATA[Heyyyyyyyy]]>
  </system-out>
</testsuite> <!-- testNG.Assgn -->
