<?xml version="1.0" encoding="UTF-8"?>
<!-- Generated by org.testng.reporters.JUnitReportReporter -->
<testsuite hostname="DESKTOP-DE517QH" failures="0" tests="3" name="testNGbrowser.Test3" time="75.511" errors="0" timestamp="2023-11-14T15:19:11 IST" skipped="0">
  <testcase classname="testNGbrowser.Test3" name="scenario1" time="19.721"/>
  <testcase classname="testNGbrowser.Test3" name="scenario1" time="26.883"/>
  <testcase classname="testNGbrowser.Test3" name="scenario1" time="28.907"/>
</testsuite> <!-- testNGbrowser.Test3 -->
