<?xml version="1.0" encoding="UTF-8"?>
<!-- Generated by org.testng.reporters.JUnitReportReporter -->
<testsuite hostname="DESKTOP-DE517QH" failures="0" tests="1" name="TestNGAmazon.Testcase5" time="32.389" errors="0" timestamp="2023-12-05T14:19:45 IST" skipped="0">
  <testcase classname="TestNGAmazon.Testcase5" name="scenario1" time="32.389"/>
</testsuite> <!-- TestNGAmazon.Testcase5 -->
