<?xml version="1.0" encoding="UTF-8"?>
<!-- Generated by org.testng.reporters.JUnitReportReporter -->
<testsuite hostname="DESKTOP-DE517QH" failures="0" tests="1" name="screenshotprog" time="15.481" errors="0" timestamp="2023-11-20T20:45:53 IST" skipped="0">
  <testcase classname="screenshotprog" name="launchgoogle" time="15.481"/>
</testsuite> <!-- screenshotprog -->
