<?xml version="1.0" encoding="UTF-8"?>
<!-- Generated by org.testng.reporters.JUnitReportReporter -->
<testsuite hostname="DESKTOP-DE517QH" failures="0" tests="10" name="data_provider.Data_ProviderAssgn" time="0.034" errors="0" timestamp="2023-11-17T14:04:06 IST" skipped="0">
  <testcase classname="data_provider.Data_ProviderAssgn" name="method1" time="0.002"/>
  <testcase classname="data_provider.Data_ProviderAssgn" name="method1" time="0.002"/>
  <testcase classname="data_provider.Data_ProviderAssgn" name="method1" time="0.004"/>
  <testcase classname="data_provider.Data_ProviderAssgn" name="method1" time="0.002"/>
  <testcase classname="data_provider.Data_ProviderAssgn" name="method1" time="0.015"/>
  <testcase classname="data_provider.Data_ProviderAssgn" name="method1" time="0.002"/>
  <testcase classname="data_provider.Data_ProviderAssgn" name="method1" time="0.001"/>
  <testcase classname="data_provider.Data_ProviderAssgn" name="method1" time="0.002"/>
  <testcase classname="data_provider.Data_ProviderAssgn" name="method1" time="0.001"/>
  <testcase classname="data_provider.Data_ProviderAssgn" name="method1" time="0.003"/>
</testsuite> <!-- data_provider.Data_ProviderAssgn -->
