<?xml version="1.0" encoding="UTF-8"?>
<!-- Generated by org.testng.reporters.JUnitReportReporter -->
<testsuite hostname="DESKTOP-DE517QH" failures="0" tests="2" name="testNG.priority" time="0.007" errors="0" timestamp="2023-11-07T21:43:54 IST" skipped="0">
  <testcase classname="testNG.priority" name="method2" time="0.005">
    <system-out>
      <![CDATA[Heyyyyyyyy]]>
    </system-out>
  </testcase> <!-- method2 -->
  <testcase classname="testNG.priority" name="method1" time="0.002"/>
  <system-out>
    <![CDATA[Heyyyyyyyy]]>
  </system-out>
</testsuite> <!-- testNG.priority -->
