<?xml version="1.0" encoding="UTF-8"?>
<!-- Generated by org.testng.reporters.JUnitReportReporter -->
<testsuite hostname="DESKTOP-DE517QH" failures="0" tests="3" name="testNGbrowser.Test2" time="101.853" errors="0" timestamp="2023-11-14T15:19:11 IST" skipped="0">
  <testcase classname="testNGbrowser.Test2" name="scenario1" time="30.024"/>
  <testcase classname="testNGbrowser.Test2" name="scenario1" time="40.899"/>
  <testcase classname="testNGbrowser.Test2" name="scenario1" time="30.930"/>
</testsuite> <!-- testNGbrowser.Test2 -->
