<?xml version="1.0" encoding="UTF-8"?>
<!-- Generated by org.testng.reporters.JUnitReportReporter -->
<testsuite hostname="DESKTOP-DE517QH" failures="0" tests="1" name="data_provider.Grouping_1" time="0.007" errors="0" timestamp="2023-11-18T17:08:32 IST" skipped="0">
  <testcase classname="data_provider.Grouping_1" name="method5" time="0.007"/>
</testsuite> <!-- data_provider.Grouping_1 -->
