<?xml version="1.0" encoding="UTF-8"?>
<!-- Generated by org.testng.reporters.JUnitReportReporter -->
<testsuite hostname="DESKTOP-DE517QH" failures="0" tests="2" name="testNG.priority2" time="0.022" errors="0" timestamp="2023-11-07T21:43:54 IST" skipped="1">
  <testcase classname="testNG.priority2" name="registration" time="0.022"/>
  <testcase classname="testNG.priority2" name="login">
    <skipped/>
  </testcase> <!-- login -->
  <system-out>
    <![CDATA[Heyyyyyyyy]]>
  </system-out>
</testsuite> <!-- testNG.priority2 -->
