<?xml version="1.0" encoding="UTF-8"?>
<!-- Generated by org.testng.reporters.JUnitReportReporter -->
<testsuite hostname="DESKTOP-DE517QH" failures="0" tests="3" name="testNG.data_provider1" time="0.017" errors="0" timestamp="2023-11-16T21:21:17 IST" skipped="0">
  <testcase classname="testNG.data_provider1" name="testcase1" time="0.002"/>
  <testcase classname="testNG.data_provider1" name="testcase1" time="0.003"/>
  <testcase classname="testNG.data_provider1" name="testcase1" time="0.012"/>
</testsuite> <!-- testNG.data_provider1 -->
