<?xml version="1.0" encoding="UTF-8"?>
<!-- Generated by org.testng.reporters.JUnitReportReporter -->
<testsuite hostname="DESKTOP-DE517QH" failures="0" tests="1" name="TestNGAmazon.Testcase1" time="25.751" errors="0" timestamp="2023-12-05T20:13:03 IST" skipped="0">
  <testcase classname="TestNGAmazon.Testcase1" name="scenario1" time="25.751"/>
</testsuite> <!-- TestNGAmazon.Testcase1 -->
